<?xml version="1.0" encoding="UTF-8"?>
<testng-results ignored="0" total="1" passed="1" failed="0" skipped="0">
  <reporter-output>
  </reporter-output>
  <suite started-at="2022-06-07T07:33:32 IST" name="Default suite" finished-at="2022-06-07T07:33:32 IST" duration-ms="122">
    <groups>
    </groups>
    <test started-at="2022-06-07T07:33:32 IST" name="Default test" finished-at="2022-06-07T07:33:32 IST" duration-ms="122">
      <class name="Test.Test01.Collections.ArrayListTraversal">
        <test-method signature="arrayList()[pri:0, instance:Test.Test01.Collections.ArrayListTraversal@62230c58]" started-at="2022-06-07T07:33:32 IST" name="arrayList" finished-at="2022-06-07T07:33:32 IST" duration-ms="24" status="PASS">
          <reporter-output>
          </reporter-output>
        </test-method> <!-- arrayList -->
      </class> <!-- Test.Test01.Collections.ArrayListTraversal -->
    </test> <!-- Default test -->
  </suite> <!-- Default suite -->
</testng-results>
